Log file open, 02/04/19 14:49:12
LogWindows: Failed to load 'aqProf.dll' (GetLastError=126)
LogWindows: File 'aqProf.dll' does not exist
LogWindows: Failed to load 'VtuneApi.dll' (GetLastError=126)
LogWindows: File 'VtuneApi.dll' does not exist
LogWindows: Failed to load 'VtuneApi32e.dll' (GetLastError=126)
LogWindows: File 'VtuneApi32e.dll' does not exist
LogConsoleResponse: Display: Failed to find resolution value strings in scalability ini. Falling back to default.
LogInit: Display: Running engine for game: GameJameuh3d
LogPakFile: Registered encryption key '00000000000000000000000000000000': 0 pak files mounted, 0 remain pending
LogPlatformFile: Not using cached read wrapper
LogTaskGraph: Started task graph with 5 named threads and 23 total threads with 3 sets of task threads.
LogStats: Stats thread started at 0.307356
LogD3D11RHI: Loaded GFSDK_Aftermath_Lib.x64.dll
LogICUInternationalization: ICU TimeZone Detection - Raw Offset: +1:00, Platform Override: ''
LogPluginManager: Mounting plugin Paper2D
LogPluginManager: Mounting plugin AISupport
LogPluginManager: Mounting plugin LightPropagationVolume
LogPluginManager: Mounting plugin ActorLayerUtilities
LogPluginManager: Mounting plugin CLionSourceCodeAccess
LogPluginManager: Mounting plugin CodeLiteSourceCodeAccess
LogPluginManager: Mounting plugin GitSourceControl
LogPluginManager: Mounting plugin KDevelopSourceCodeAccess
LogPluginManager: Mounting plugin NullSourceCodeAccess
LogPluginManager: Mounting plugin PerforceSourceControl
LogPluginManager: Mounting plugin SubversionSourceControl
LogPluginManager: Mounting plugin UObjectPlugin
LogPluginManager: Mounting plugin VisualStudioCodeSourceCodeAccess
LogPluginManager: Mounting plugin VisualStudioSourceCodeAccess
LogPluginManager: Mounting plugin XCodeSourceCodeAccess
LogPluginManager: Mounting plugin AssetManagerEditor
LogPluginManager: Mounting plugin CryptoKeys
LogPluginManager: Mounting plugin DataValidation
LogPluginManager: Mounting plugin FacialAnimation
LogPluginManager: Mounting plugin GameplayTagsEditor
LogPluginManager: Mounting plugin MacGraphicsSwitching
LogPluginManager: Mounting plugin MeshEditor
LogPluginManager: Mounting plugin MobileLauncherProfileWizard
LogPluginManager: Mounting plugin PluginBrowser
LogPluginManager: Mounting plugin SpeedTreeImporter
LogPluginManager: Mounting plugin DatasmithContent
LogPluginManager: Mounting plugin VariantManagerContent
LogPluginManager: Mounting plugin AlembicImporter
LogPluginManager: Mounting plugin AppleImageUtils
LogPluginManager: Mounting plugin AppleVision
LogPluginManager: Mounting plugin BackChannel
LogPluginManager: Mounting plugin CharacterAI
LogPluginManager: Mounting plugin GeometryCache
LogPluginManager: Mounting plugin HTML5Networking
LogPluginManager: Mounting plugin ProxyLODPlugin
LogPluginManager: Mounting plugin MagicLeap
LogPluginManager: Mounting plugin MagicLeapMedia
LogPluginManager: Mounting plugin AndroidMedia
LogPluginManager: Mounting plugin AvfMedia
LogPluginManager: Mounting plugin ImgMedia
LogPluginManager: Mounting plugin LinearTimecode
LogPluginManager: Mounting plugin MediaCompositing
LogPluginManager: Mounting plugin MediaPlayerEditor
LogPluginManager: Mounting plugin WebMMedia
LogPluginManager: Mounting plugin WmfMedia
LogPluginManager: Mounting plugin TcpMessaging
LogPluginManager: Mounting plugin UdpMessaging
LogPluginManager: Mounting plugin ActorSequence
LogPluginManager: Mounting plugin LevelSequenceEditor
LogPluginManager: Mounting plugin MatineeToLevelSequence
LogPluginManager: Mounting plugin NetcodeUnitTest
LogPluginManager: Mounting plugin NUTUnrealEngine4
LogPluginManager: Mounting plugin OnlineSubsystemGooglePlay
LogPluginManager: Mounting plugin OnlineSubsystemIOS
LogPluginManager: Mounting plugin OnlineSubsystem
LogPluginManager: Mounting plugin OnlineSubsystemNull
LogPluginManager: Mounting plugin OnlineSubsystemUtils
LogPluginManager: Mounting plugin LauncherChunkInstaller
LogPluginManager: Mounting plugin AndroidDeviceProfileSelector
LogPluginManager: Mounting plugin AndroidMoviePlayer
LogPluginManager: Mounting plugin AndroidPermission
LogPluginManager: Mounting plugin AppleMoviePlayer
LogPluginManager: Mounting plugin ArchVisCharacter
LogPluginManager: Mounting plugin AudioCapture
LogPluginManager: Mounting plugin CableComponent
LogPluginManager: Mounting plugin CustomMeshComponent
LogPluginManager: Mounting plugin EditableMesh
LogPluginManager: Mounting plugin ExampleDeviceProfileSelector
LogPluginManager: Mounting plugin Firebase
LogPluginManager: Mounting plugin GoogleCloudMessaging
LogPluginManager: Mounting plugin IOSDeviceProfileSelector
LogPluginManager: Mounting plugin LinuxDeviceProfileSelector
LogPluginManager: Mounting plugin LocationServicesBPLibrary
LogPluginManager: Mounting plugin MobilePatchingUtils
LogPluginManager: Mounting plugin OculusVR
LogPluginManager: Mounting plugin PhysXVehicles
LogPluginManager: Mounting plugin ProceduralMeshComponent
LogPluginManager: Mounting plugin RuntimePhysXCooking
LogPluginManager: Mounting plugin SteamVR
LogPluginManager: Mounting plugin WebMMoviePlayer
LogPluginManager: Mounting plugin WindowsMoviePlayer
LogStreaming: Display: Took  0.117s to configure plugins.
LogInit: Using libcurl 7.55.1-DEV
LogInit:  - built for x86_64-pc-win32
LogInit:  - supports SSL with OpenSSL/1.0.2h
LogInit:  - supports HTTP deflate (compression) using libz 1.2.8
LogInit:  - other features:
LogInit:      CURL_VERSION_SSL
LogInit:      CURL_VERSION_LIBZ
LogInit:      CURL_VERSION_IPV6
LogInit:      CURL_VERSION_ASYNCHDNS
LogInit:      CURL_VERSION_LARGEFILE
LogInit:      CURL_VERSION_IDN
LogInit:  CurlRequestOptions (configurable via config and command line):
LogInit:  - bVerifyPeer = true  - Libcurl will verify peer certificate
LogInit:  - bUseHttpProxy = false  - Libcurl will NOT use HTTP proxy
LogInit:  - bDontReuseConnections = false  - Libcurl will reuse connections
LogInit:  - MaxHostConnections = 16  - Libcurl will limit the number of connections to a host
LogInit:  - LocalHostAddr = Default
LogInit:  - BufferSize = 65536
LogInit: WinSock: version 1.1 (2.2), MaxSocks=32767, MaxUdp=65467
LogInit: Build: ++UE4+Release-4.21-CL-4753647
LogInit: Engine Version: 4.21.2-4753647+++UE4+Release-4.21
LogInit: Compatible Engine Version: 4.21.0-4541578+++UE4+Release-4.21
LogInit: Net CL: 4541578
LogInit: OS: Windows 10 (), CPU: Intel(R) Core(TM) i7-7700HQ CPU @ 2.80GHz, GPU: Intel(R) HD Graphics 630
LogInit: Compiled (64-bit): Jan 19 2019 02:07:31
LogInit: Compiled with Visual C++: 19.13.26129.00
LogInit: Build Configuration: Development
LogInit: Branch Name: ++UE4+Release-4.21
LogInit: Command Line:  -EpicPortal -epicusername=BlackDiams -epicuserid=a03934054cfb4417b7b4a3b9207add19 -epiclocale=fr-FR
LogInit: Base Directory: C:/Program Files/Epic Games/UE_4.21/Engine/Binaries/Win64/
LogInit: Installed Engine Build: 1
LogDevObjectVersion: Number of dev versions registered: 22
LogDevObjectVersion:   Dev-Blueprints (B0D832E4-1F89-4F0D-ACCF-7EB736FD4AA2): 10
LogDevObjectVersion:   Dev-Build (E1C64328-A22C-4D53-A36C-8E866417BD8C): 0
LogDevObjectVersion:   Dev-Core (375EC13C-06E4-48FB-B500-84F0262A717E): 2
LogDevObjectVersion:   Dev-Editor (E4B068ED-F494-42E9-A231-DA0B2E46BB41): 26
LogDevObjectVersion:   Dev-Framework (CFFC743F-43B0-4480-9391-14DF171D2073): 34
LogDevObjectVersion:   Dev-Mobile (B02B49B5-BB20-44E9-A304-32B752E40360): 2
LogDevObjectVersion:   Dev-Networking (A4E4105C-59A1-49B5-A7C5-40C4547EDFEE): 0
LogDevObjectVersion:   Dev-Online (39C831C9-5AE6-47DC-9A44-9C173E1C8E7C): 0
LogDevObjectVersion:   Dev-Physics (78F01B33-EBEA-4F98-B9B4-84EACCB95AA2): 0
LogDevObjectVersion:   Dev-Platform (6631380F-2D4D-43E0-8009-CF276956A95A): 0
LogDevObjectVersion:   Dev-Rendering (12F88B9F-8875-4AFC-A67C-D90C383ABD29): 27
LogDevObjectVersion:   Dev-Sequencer (7B5AE74C-D270-4C10-A958-57980B212A5A): 9
LogDevObjectVersion:   Dev-VR (D7296918-1DD6-4BDD-9DE2-64A83CC13884): 2
LogDevObjectVersion:   Dev-LoadTimes (C2A15278-BFE7-4AFE-6C17-90FF531DF755): 1
LogDevObjectVersion:   Private-Geometry (6EACA3D4-40EC-4CC1-B786-8BED09428FC5): 3
LogDevObjectVersion:   Dev-AnimPhys (29E575DD-E0A3-4627-9D10-D276232CDCEA): 17
LogDevObjectVersion:   Dev-Anim (AF43A65D-7FD3-4947-9873-3E8ED9C1BB05): 2
LogDevObjectVersion:   Dev-ReflectionCapture (6B266CEC-1EC7-4B8F-A30B-E4D90942FC07): 1
LogDevObjectVersion:   Dev-Automation (0DF73D61-A23F-47EA-B727-89E90C41499A): 1
LogDevObjectVersion:   FortniteMain (601D1886-AC64-4F84-AA16-D3DE0DEAC7D6): 17
LogDevObjectVersion:   Dev-Enterprise (9DFFBCD6-494F-0158-E221-12823C92A888): 4
LogDevObjectVersion:   Dev-Niagara (F2AED0AC-9AFE-416F-8664-AA7FFA26D6FC): 1
LogStreaming: Display: Took  0.001s to delete old logs.
LogInit: Presizing for max 8388607 objects, including 0 objects not considered by GC, pre-allocating 0 bytes for permanent pool.
LogInit: Object subsystem initialized
LogConfig: Setting CVar [[con.DebugEarlyDefault:1]]
LogConfig: Setting CVar [[r.setres:1280x720]]
[2019.02.04-13.49.12:556][  0]LogConfig: Setting CVar [[r.VSync:0]]
[2019.02.04-13.49.12:556][  0]LogConfig: Setting CVar [[r.RHICmdBypass:0]]
[2019.02.04-13.49.12:556][  0]LogConfig: Applying CVar settings from Section [/Script/Engine.RendererSettings] File [C:/Users/alexa/Documents/GitHub/GameJameuh3D/GameJameuh3d/Saved/Config/Windows/Engine.ini]
[2019.02.04-13.49.12:556][  0]LogConfig: Setting CVar [[r.GPUCrashDebugging:0]]
[2019.02.04-13.49.12:556][  0]LogConfig: Applying CVar settings from Section [/Script/Engine.RendererOverrideSettings] File [C:/Users/alexa/Documents/GitHub/GameJameuh3D/GameJameuh3d/Saved/Config/Windows/Engine.ini]
[2019.02.04-13.49.12:556][  0]LogConfig: Applying CVar settings from Section [/Script/Engine.StreamingSettings] File [C:/Users/alexa/Documents/GitHub/GameJameuh3D/GameJameuh3d/Saved/Config/Windows/Engine.ini]
[2019.02.04-13.49.12:556][  0]LogConfig: Setting CVar [[s.MinBulkDataSizeForAsyncLoading:131072]]
[2019.02.04-13.49.12:556][  0]LogConfig: Setting CVar [[s.AsyncLoadingThreadEnabled:0]]
[2019.02.04-13.49.12:556][  0]LogConfig: Setting CVar [[s.EventDrivenLoaderEnabled:1]]
[2019.02.04-13.49.12:556][  0]LogConfig: Setting CVar [[s.WarnIfTimeLimitExceeded:0]]
[2019.02.04-13.49.12:556][  0]LogConfig: Setting CVar [[s.TimeLimitExceededMultiplier:1.5]]
[2019.02.04-13.49.12:556][  0]LogConfig: Setting CVar [[s.TimeLimitExceededMinTime:0.005]]
[2019.02.04-13.49.12:556][  0]LogConfig: Setting CVar [[s.UseBackgroundLevelStreaming:1]]
[2019.02.04-13.49.12:556][  0]LogConfig: Setting CVar [[s.PriorityAsyncLoadingExtraTime:15.0]]
[2019.02.04-13.49.12:556][  0]LogConfig: Setting CVar [[s.LevelStreamingActorsUpdateTimeLimit:5.0]]
[2019.02.04-13.49.12:556][  0]LogConfig: Setting CVar [[s.PriorityLevelStreamingActorsUpdateExtraTime:5.0]]
[2019.02.04-13.49.12:556][  0]LogConfig: Setting CVar [[s.LevelStreamingComponentsRegistrationGranularity:10]]
[2019.02.04-13.49.12:556][  0]LogConfig: Setting CVar [[s.UnregisterComponentsTimeLimit:1.0]]
[2019.02.04-13.49.12:556][  0]LogConfig: Setting CVar [[s.LevelStreamingComponentsUnregistrationGranularity:5]]
[2019.02.04-13.49.12:557][  0]LogConfig: Applying CVar settings from Section [/Script/Engine.GarbageCollectionSettings] File [C:/Users/alexa/Documents/GitHub/GameJameuh3D/GameJameuh3d/Saved/Config/Windows/Engine.ini]
[2019.02.04-13.49.12:557][  0]LogConfig: Setting CVar [[gc.MaxObjectsNotConsideredByGC:1]]
[2019.02.04-13.49.12:557][  0]LogConfig: Setting CVar [[gc.SizeOfPermanentObjectPool:0]]
[2019.02.04-13.49.12:557][  0]LogConfig: Setting CVar [[gc.FlushStreamingOnGC:0]]
[2019.02.04-13.49.12:557][  0]LogConfig: Setting CVar [[gc.NumRetriesBeforeForcingGC:10]]
[2019.02.04-13.49.12:557][  0]LogConfig: Setting CVar [[gc.AllowParallelGC:1]]
[2019.02.04-13.49.12:557][  0]LogConfig: Setting CVar [[gc.TimeBetweenPurgingPendingKillObjects:61.1]]
[2019.02.04-13.49.12:557][  0]LogConfig: Setting CVar [[gc.MaxObjectsInEditor:8388607]]
[2019.02.04-13.49.12:557][  0]LogConfig: Setting CVar [[gc.IncrementalBeginDestroyEnabled:1]]
[2019.02.04-13.49.12:557][  0]LogConfig: Setting CVar [[gc.CreateGCClusters:1]]
[2019.02.04-13.49.12:557][  0]LogConfig: Setting CVar [[gc.MergeGCClusters:0]]
[2019.02.04-13.49.12:557][  0]LogConfig: Setting CVar [[gc.MinGCClusterSize:5]]
[2019.02.04-13.49.12:557][  0]LogConfig: Setting CVar [[gc.ActorClusteringEnabled:0]]
[2019.02.04-13.49.12:557][  0]LogConfig: Setting CVar [[gc.BlueprintClusteringEnabled:0]]
[2019.02.04-13.49.12:557][  0]LogConfig: Setting CVar [[gc.UseDisregardForGCOnDedicatedServers:0]]
[2019.02.04-13.49.12:557][  0]LogConfig: Applying CVar settings from Section [/Script/Engine.NetworkSettings] File [C:/Users/alexa/Documents/GitHub/GameJameuh3D/GameJameuh3d/Saved/Config/Windows/Engine.ini]
[2019.02.04-13.49.12:557][  0]LogConfig: Applying CVar settings from Section [/Script/UnrealEd.CookerSettings] File [C:/Users/alexa/Documents/GitHub/GameJameuh3D/GameJameuh3d/Saved/Config/Windows/Engine.ini]
[2019.02.04-13.49.12:559][  0]LogConfig: Applying CVar settings from Section [ViewDistanceQuality@3] File [C:/Users/alexa/Documents/GitHub/GameJameuh3D/GameJameuh3d/Saved/Config/Windows/Scalability.ini]
[2019.02.04-13.49.12:559][  0]LogConfig: Setting CVar [[r.SkeletalMeshLODBias:0]]
[2019.02.04-13.49.12:559][  0]LogConfig: Setting CVar [[r.ViewDistanceScale:1.0]]
[2019.02.04-13.49.12:559][  0]LogConfig: Applying CVar settings from Section [AntiAliasingQuality@3] File [C:/Users/alexa/Documents/GitHub/GameJameuh3D/GameJameuh3d/Saved/Config/Windows/Scalability.ini]
[2019.02.04-13.49.12:559][  0]LogConfig: Setting CVar [[r.PostProcessAAQuality:4]]
[2019.02.04-13.49.12:559][  0]LogConfig: Applying CVar settings from Section [ShadowQuality@3] File [C:/Users/alexa/Documents/GitHub/GameJameuh3D/GameJameuh3d/Saved/Config/Windows/Scalability.ini]
[2019.02.04-13.49.12:559][  0]LogConfig: Setting CVar [[r.LightFunctionQuality:1]]
[2019.02.04-13.49.12:559][  0]LogConfig: Setting CVar [[r.ShadowQuality:5]]
[2019.02.04-13.49.12:559][  0]LogConfig: Setting CVar [[r.Shadow.CSM.MaxCascades:10]]
[2019.02.04-13.49.12:559][  0]LogConfig: Setting CVar [[r.Shadow.MaxResolution:2048]]
[2019.02.04-13.49.12:559][  0]LogConfig: Setting CVar [[r.Shadow.MaxCSMResolution:2048]]
[2019.02.04-13.49.12:559][  0]LogConfig: Setting CVar [[r.Shadow.RadiusThreshold:0.01]]
[2019.02.04-13.49.12:559][  0]LogConfig: Setting CVar [[r.Shadow.DistanceScale:1.0]]
[2019.02.04-13.49.12:559][  0]LogConfig: Setting CVar [[r.Shadow.CSM.TransitionScale:1.0]]
[2019.02.04-13.49.12:559][  0]LogConfig: Setting CVar [[r.Shadow.PreShadowResolutionFactor:1.0]]
[2019.02.04-13.49.12:559][  0]LogConfig: Setting CVar [[r.DistanceFieldShadowing:1]]
[2019.02.04-13.49.12:559][  0]LogConfig: Setting CVar [[r.DistanceFieldAO:1]]
[2019.02.04-13.49.12:559][  0]LogConfig: Setting CVar [[r.AOQuality:2]]
[2019.02.04-13.49.12:559][  0]LogConfig: Setting CVar [[r.VolumetricFog:1]]
[2019.02.04-13.49.12:559][  0]LogConfig: Setting CVar [[r.VolumetricFog.GridPixelSize:8]]
[2019.02.04-13.49.12:559][  0]LogConfig: Setting CVar [[r.VolumetricFog.GridSizeZ:128]]
[2019.02.04-13.49.12:559][  0]LogConfig: Setting CVar [[r.VolumetricFog.HistoryMissSupersampleCount:4]]
[2019.02.04-13.49.12:559][  0]LogConfig: Setting CVar [[r.LightMaxDrawDistanceScale:1]]
[2019.02.04-13.49.12:559][  0]LogConfig: Setting CVar [[r.CapsuleShadows:1]]
[2019.02.04-13.49.12:559][  0]LogConfig: Applying CVar settings from Section [PostProcessQuality@3] File [C:/Users/alexa/Documents/GitHub/GameJameuh3D/GameJameuh3d/Saved/Config/Windows/Scalability.ini]
[2019.02.04-13.49.12:559][  0]LogConfig: Setting CVar [[r.MotionBlurQuality:4]]
[2019.02.04-13.49.12:559][  0]LogConfig: Setting CVar [[r.AmbientOcclusionMipLevelFactor:0.4]]
[2019.02.04-13.49.12:559][  0]LogConfig: Setting CVar [[r.AmbientOcclusionMaxQuality:100]]
[2019.02.04-13.49.12:559][  0]LogConfig: Setting CVar [[r.AmbientOcclusionLevels:-1]]
[2019.02.04-13.49.12:559][  0]LogConfig: Setting CVar [[r.AmbientOcclusionRadiusScale:1.0]]
[2019.02.04-13.49.12:560][  0]LogConfig: Setting CVar [[r.DepthOfFieldQuality:2]]
[2019.02.04-13.49.12:560][  0]LogConfig: Setting CVar [[r.RenderTargetPoolMin:400]]
[2019.02.04-13.49.12:560][  0]LogConfig: Setting CVar [[r.LensFlareQuality:2]]
[2019.02.04-13.49.12:560][  0]LogConfig: Setting CVar [[r.SceneColorFringeQuality:1]]
[2019.02.04-13.49.12:560][  0]LogConfig: Setting CVar [[r.EyeAdaptationQuality:2]]
[2019.02.04-13.49.12:560][  0]LogConfig: Setting CVar [[r.BloomQuality:5]]
[2019.02.04-13.49.12:560][  0]LogConfig: Setting CVar [[r.FastBlurThreshold:100]]
[2019.02.04-13.49.12:560][  0]LogConfig: Setting CVar [[r.Upscale.Quality:3]]
[2019.02.04-13.49.12:560][  0]LogConfig: Setting CVar [[r.Tonemapper.GrainQuantization:1]]
[2019.02.04-13.49.12:560][  0]LogConfig: Setting CVar [[r.LightShaftQuality:1]]
[2019.02.04-13.49.12:560][  0]LogConfig: Setting CVar [[r.Filter.SizeScale:1]]
[2019.02.04-13.49.12:560][  0]LogConfig: Setting CVar [[r.Tonemapper.Quality:5]]
[2019.02.04-13.49.12:560][  0]LogConfig: Setting CVar [[r.DOF.Gather.AccumulatorQuality:1        ; higher gathering accumulator quality]]
[2019.02.04-13.49.12:560][  0]LogConfig: Setting CVar [[r.DOF.Gather.PostfilterMethod:1          ; Median3x3 postfilering method]]
[2019.02.04-13.49.12:560][  0]LogConfig: Setting CVar [[r.DOF.Gather.EnableBokehSettings:0       ; no bokeh simulation when gathering]]
[2019.02.04-13.49.12:560][  0]LogConfig: Setting CVar [[r.DOF.Gather.RingCount:4                 ; medium number of samples when gathering]]
[2019.02.04-13.49.12:560][  0]LogConfig: Setting CVar [[r.DOF.Scatter.ForegroundCompositing:1    ; additive foreground scattering]]
[2019.02.04-13.49.12:560][  0]LogConfig: Setting CVar [[r.DOF.Scatter.BackgroundCompositing:2    ; additive background scattering]]
[2019.02.04-13.49.12:560][  0]LogConfig: Setting CVar [[r.DOF.Scatter.EnableBokehSettings:1      ; bokeh simulation when scattering]]
[2019.02.04-13.49.12:560][  0]LogConfig: Setting CVar [[r.DOF.Scatter.MaxSpriteRatio:0.1         ; only a maximum of 10% of scattered bokeh]]
[2019.02.04-13.49.12:560][  0]LogConfig: Setting CVar [[r.DOF.Recombine.Quality:1                ; cheap slight out of focus]]
[2019.02.04-13.49.12:560][  0]LogConfig: Setting CVar [[r.DOF.Recombine.EnableBokehSettings:0    ; no bokeh simulation on slight out of focus]]
[2019.02.04-13.49.12:560][  0]LogConfig: Setting CVar [[r.DOF.TemporalAAQuality:1                ; more stable temporal accumulation]]
[2019.02.04-13.49.12:560][  0]LogConfig: Setting CVar [[r.DOF.Kernel.MaxForegroundRadius:0.025]]
[2019.02.04-13.49.12:560][  0]LogConfig: Setting CVar [[r.DOF.Kernel.MaxBackgroundRadius:0.025]]
[2019.02.04-13.49.12:560][  0]LogConfig: Applying CVar settings from Section [TextureQuality@3] File [C:/Users/alexa/Documents/GitHub/GameJameuh3D/GameJameuh3d/Saved/Config/Windows/Scalability.ini]
[2019.02.04-13.49.12:560][  0]LogConfig: Setting CVar [[r.Streaming.MipBias:0]]
[2019.02.04-13.49.12:560][  0]LogConfig: Setting CVar [[r.Streaming.AmortizeCPUToGPUCopy:0]]
[2019.02.04-13.49.12:560][  0]LogConfig: Setting CVar [[r.Streaming.MaxNumTexturesToStreamPerFrame:0]]
[2019.02.04-13.49.12:560][  0]LogConfig: Setting CVar [[r.Streaming.Boost:1]]
[2019.02.04-13.49.12:560][  0]LogConfig: Setting CVar [[r.MaxAnisotropy:8]]
[2019.02.04-13.49.12:560][  0]LogConfig: Setting CVar [[r.Streaming.LimitPoolSizeToVRAM:0]]
[2019.02.04-13.49.12:560][  0]LogConfig: Setting CVar [[r.Streaming.PoolSize:1000]]
[2019.02.04-13.49.12:560][  0]LogConfig: Setting CVar [[r.Streaming.MaxEffectiveScreenSize:0]]
[2019.02.04-13.49.12:560][  0]LogConfig: Applying CVar settings from Section [EffectsQuality@3] File [C:/Users/alexa/Documents/GitHub/GameJameuh3D/GameJameuh3d/Saved/Config/Windows/Scalability.ini]
[2019.02.04-13.49.12:560][  0]LogConfig: Setting CVar [[r.TranslucencyLightingVolumeDim:64]]
[2019.02.04-13.49.12:560][  0]LogConfig: Setting CVar [[r.RefractionQuality:2]]
[2019.02.04-13.49.12:560][  0]LogConfig: Setting CVar [[r.SSR.Quality:3]]
[2019.02.04-13.49.12:560][  0]LogConfig: Setting CVar [[r.SceneColorFormat:4]]
[2019.02.04-13.49.12:560][  0]LogConfig: Setting CVar [[r.DetailMode:2]]
[2019.02.04-13.49.12:560][  0]LogConfig: Setting CVar [[r.TranslucencyVolumeBlur:1]]
[2019.02.04-13.49.12:560][  0]LogConfig: Setting CVar [[r.MaterialQualityLevel:1 ; High quality]]
[2019.02.04-13.49.12:560][  0]LogConfig: Setting CVar [[r.SSS.Scale:1]]
[2019.02.04-13.49.12:560][  0]LogConfig: Setting CVar [[r.SSS.SampleSet:2]]
[2019.02.04-13.49.12:560][  0]LogConfig: Setting CVar [[r.SSS.Quality:1]]
[2019.02.04-13.49.12:560][  0]LogConfig: Setting CVar [[r.SSS.HalfRes:1]]
[2019.02.04-13.49.12:560][  0]LogConfig: Setting CVar [[r.EmitterSpawnRateScale:1.0]]
[2019.02.04-13.49.12:560][  0]LogConfig: Setting CVar [[r.ParticleLightQuality:2]]
[2019.02.04-13.49.12:560][  0]LogConfig: Applying CVar settings from Section [FoliageQuality@3] File [C:/Users/alexa/Documents/GitHub/GameJameuh3D/GameJameuh3d/Saved/Config/Windows/Scalability.ini]
[2019.02.04-13.49.12:560][  0]LogConfig: Setting CVar [[foliage.DensityScale:1.0]]
[2019.02.04-13.49.12:560][  0]LogConfig: Setting CVar [[grass.DensityScale:1.0]]
[2019.02.04-13.49.12:560][  0]LogInit: Selected Device Profile: [Windows]
[2019.02.04-13.49.12:560][  0]LogInit: Applying CVar settings loaded from the selected device profile: [Windows]
[2019.02.04-13.49.12:622][  0]LogHAL: Display: Platform has ~ 8 GB [8451756032 / 8589934592 / 8], which maps to Default [LargestMinGB=32, LargerMinGB=12, DefaultMinGB=8, SmallerMinGB=6, SmallestMinGB=0)
[2019.02.04-13.49.12:622][  0]LogConfig: Setting CVar [[r.Vulkan.UseRealUBs:1]]
[2019.02.04-13.49.12:622][  0]LogInit: Going up to parent DeviceProfile []
[2019.02.04-13.49.12:622][  0]LogConfig: Applying CVar settings from Section [ViewDistanceQuality@3] File [C:/Users/alexa/Documents/GitHub/GameJameuh3D/GameJameuh3d/Saved/Config/Windows/Scalability.ini]
[2019.02.04-13.49.12:622][  0]LogConfig: Setting CVar [[r.SkeletalMeshLODBias:0]]
[2019.02.04-13.49.12:622][  0]LogConfig: Setting CVar [[r.ViewDistanceScale:1.0]]
[2019.02.04-13.49.12:622][  0]LogConfig: Applying CVar settings from Section [AntiAliasingQuality@3] File [C:/Users/alexa/Documents/GitHub/GameJameuh3D/GameJameuh3d/Saved/Config/Windows/Scalability.ini]
[2019.02.04-13.49.12:622][  0]LogConfig: Setting CVar [[r.PostProcessAAQuality:4]]
[2019.02.04-13.49.12:622][  0]LogConfig: Applying CVar settings from Section [ShadowQuality@3] File [C:/Users/alexa/Documents/GitHub/GameJameuh3D/GameJameuh3d/Saved/Config/Windows/Scalability.ini]
[2019.02.04-13.49.12:622][  0]LogConfig: Setting CVar [[r.LightFunctionQuality:1]]
[2019.02.04-13.49.12:622][  0]LogConfig: Setting CVar [[r.ShadowQuality:5]]
[2019.02.04-13.49.12:622][  0]LogConfig: Setting CVar [[r.Shadow.CSM.MaxCascades:10]]
[2019.02.04-13.49.12:622][  0]LogConfig: Setting CVar [[r.Shadow.MaxResolution:2048]]
[2019.02.04-13.49.12:622][  0]LogConfig: Setting CVar [[r.Shadow.MaxCSMResolution:2048]]
[2019.02.04-13.49.12:622][  0]LogConfig: Setting CVar [[r.Shadow.RadiusThreshold:0.01]]
[2019.02.04-13.49.12:622][  0]LogConfig: Setting CVar [[r.Shadow.DistanceScale:1.0]]
[2019.02.04-13.49.12:622][  0]LogConfig: Setting CVar [[r.Shadow.CSM.TransitionScale:1.0]]
[2019.02.04-13.49.12:622][  0]LogConfig: Setting CVar [[r.Shadow.PreShadowResolutionFactor:1.0]]
[2019.02.04-13.49.12:622][  0]LogConfig: Setting CVar [[r.DistanceFieldShadowing:1]]
[2019.02.04-13.49.12:622][  0]LogConfig: Setting CVar [[r.DistanceFieldAO:1]]
[2019.02.04-13.49.12:622][  0]LogConfig: Setting CVar [[r.AOQuality:2]]
[2019.02.04-13.49.12:622][  0]LogConfig: Setting CVar [[r.VolumetricFog:1]]
[2019.02.04-13.49.12:622][  0]LogConfig: Setting CVar [[r.VolumetricFog.GridPixelSize:8]]
[2019.02.04-13.49.12:622][  0]LogConfig: Setting CVar [[r.VolumetricFog.GridSizeZ:128]]
[2019.02.04-13.49.12:622][  0]LogConfig: Setting CVar [[r.VolumetricFog.HistoryMissSupersampleCount:4]]
[2019.02.04-13.49.12:622][  0]LogConfig: Setting CVar [[r.LightMaxDrawDistanceScale:1]]
[2019.02.04-13.49.12:622][  0]LogConfig: Setting CVar [[r.CapsuleShadows:1]]
[2019.02.04-13.49.12:622][  0]LogConfig: Applying CVar settings from Section [PostProcessQuality@3] File [C:/Users/alexa/Documents/GitHub/GameJameuh3D/GameJameuh3d/Saved/Config/Windows/Scalability.ini]
[2019.02.04-13.49.12:622][  0]LogConfig: Setting CVar [[r.MotionBlurQuality:4]]
[2019.02.04-13.49.12:622][  0]LogConfig: Setting CVar [[r.AmbientOcclusionMipLevelFactor:0.4]]
[2019.02.04-13.49.12:622][  0]LogConfig: Setting CVar [[r.AmbientOcclusionMaxQuality:100]]
[2019.02.04-13.49.12:622][  0]LogConfig: Setting CVar [[r.AmbientOcclusionLevels:-1]]
[2019.02.04-13.49.12:622][  0]LogConfig: Setting CVar [[r.AmbientOcclusionRadiusScale:1.0]]
[2019.02.04-13.49.12:622][  0]LogConfig: Setting CVar [[r.DepthOfFieldQuality:2]]
[2019.02.04-13.49.12:622][  0]LogConfig: Setting CVar [[r.RenderTargetPoolMin:400]]
[2019.02.04-13.49.12:622][  0]LogConfig: Setting CVar [[r.LensFlareQuality:2]]
[2019.02.04-13.49.12:622][  0]LogConfig: Setting CVar [[r.SceneColorFringeQuality:1]]
[2019.02.04-13.49.12:622][  0]LogConfig: Setting CVar [[r.EyeAdaptationQuality:2]]
[2019.02.04-13.49.12:622][  0]LogConfig: Setting CVar [[r.BloomQuality:5]]
[2019.02.04-13.49.12:622][  0]LogConfig: Setting CVar [[r.FastBlurThreshold:100]]
[2019.02.04-13.49.12:622][  0]LogConfig: Setting CVar [[r.Upscale.Quality:3]]
[2019.02.04-13.49.12:622][  0]LogConfig: Setting CVar [[r.Tonemapper.GrainQuantization:1]]
[2019.02.04-13.49.12:622][  0]LogConfig: Setting CVar [[r.LightShaftQuality:1]]
[2019.02.04-13.49.12:622][  0]LogConfig: Setting CVar [[r.Filter.SizeScale:1]]
[2019.02.04-13.49.12:622][  0]LogConfig: Setting CVar [[r.Tonemapper.Quality:5]]
[2019.02.04-13.49.12:622][  0]LogConfig: Setting CVar [[r.DOF.Gather.AccumulatorQuality:1        ; higher gathering accumulator quality]]
[2019.02.04-13.49.12:622][  0]LogConfig: Setting CVar [[r.DOF.Gather.PostfilterMethod:1          ; Median3x3 postfilering method]]
[2019.02.04-13.49.12:622][  0]LogConfig: Setting CVar [[r.DOF.Gather.EnableBokehSettings:0       ; no bokeh simulation when gathering]]
[2019.02.04-13.49.12:622][  0]LogConfig: Setting CVar [[r.DOF.Gather.RingCount:4                 ; medium number of samples when gathering]]
[2019.02.04-13.49.12:622][  0]LogConfig: Setting CVar [[r.DOF.Scatter.ForegroundCompositing:1    ; additive foreground scattering]]
[2019.02.04-13.49.12:622][  0]LogConfig: Setting CVar [[r.DOF.Scatter.BackgroundCompositing:2    ; additive background scattering]]
[2019.02.04-13.49.12:622][  0]LogConfig: Setting CVar [[r.DOF.Scatter.EnableBokehSettings:1      ; bokeh simulation when scattering]]
[2019.02.04-13.49.12:622][  0]LogConfig: Setting CVar [[r.DOF.Scatter.MaxSpriteRatio:0.1         ; only a maximum of 10% of scattered bokeh]]
[2019.02.04-13.49.12:622][  0]LogConfig: Setting CVar [[r.DOF.Recombine.Quality:1                ; cheap slight out of focus]]
[2019.02.04-13.49.12:622][  0]LogConfig: Setting CVar [[r.DOF.Recombine.EnableBokehSettings:0    ; no bokeh simulation on slight out of focus]]
[2019.02.04-13.49.12:622][  0]LogConfig: Setting CVar [[r.DOF.TemporalAAQuality:1                ; more stable temporal accumulation]]
[2019.02.04-13.49.12:622][  0]LogConfig: Setting CVar [[r.DOF.Kernel.MaxForegroundRadius:0.025]]
[2019.02.04-13.49.12:622][  0]LogConfig: Setting CVar [[r.DOF.Kernel.MaxBackgroundRadius:0.025]]
[2019.02.04-13.49.12:623][  0]LogConfig: Applying CVar settings from Section [TextureQuality@3] File [C:/Users/alexa/Documents/GitHub/GameJameuh3D/GameJameuh3d/Saved/Config/Windows/Scalability.ini]
[2019.02.04-13.49.12:623][  0]LogConfig: Setting CVar [[r.Streaming.MipBias:0]]
[2019.02.04-13.49.12:623][  0]LogConfig: Setting CVar [[r.Streaming.AmortizeCPUToGPUCopy:0]]
[2019.02.04-13.49.12:623][  0]LogConfig: Setting CVar [[r.Streaming.MaxNumTexturesToStreamPerFrame:0]]
[2019.02.04-13.49.12:623][  0]LogConfig: Setting CVar [[r.Streaming.Boost:1]]
[2019.02.04-13.49.12:623][  0]LogConfig: Setting CVar [[r.MaxAnisotropy:8]]
[2019.02.04-13.49.12:623][  0]LogConfig: Setting CVar [[r.Streaming.LimitPoolSizeToVRAM:0]]
[2019.02.04-13.49.12:623][  0]LogConfig: Setting CVar [[r.Streaming.PoolSize:1000]]
[2019.02.04-13.49.12:623][  0]LogConfig: Setting CVar [[r.Streaming.MaxEffectiveScreenSize:0]]
[2019.02.04-13.49.12:623][  0]LogConfig: Applying CVar settings from Section [EffectsQuality@3] File [C:/Users/alexa/Documents/GitHub/GameJameuh3D/GameJameuh3d/Saved/Config/Windows/Scalability.ini]
[2019.02.04-13.49.12:623][  0]LogConfig: Setting CVar [[r.TranslucencyLightingVolumeDim:64]]
[2019.02.04-13.49.12:623][  0]LogConfig: Setting CVar [[r.RefractionQuality:2]]
[2019.02.04-13.49.12:623][  0]LogConfig: Setting CVar [[r.SSR.Quality:3]]
[2019.02.04-13.49.12:623][  0]LogConfig: Setting CVar [[r.SceneColorFormat:4]]
[2019.02.04-13.49.12:623][  0]LogConfig: Setting CVar [[r.DetailMode:2]]
[2019.02.04-13.49.12:623][  0]LogConfig: Setting CVar [[r.TranslucencyVolumeBlur:1]]
[2019.02.04-13.49.12:623][  0]LogConfig: Setting CVar [[r.MaterialQualityLevel:1 ; High quality]]
[2019.02.04-13.49.12:623][  0]LogConfig: Setting CVar [[r.SSS.Scale:1]]
[2019.02.04-13.49.12:623][  0]LogConfig: Setting CVar [[r.SSS.SampleSet:2]]
[2019.02.04-13.49.12:623][  0]LogConfig: Setting CVar [[r.SSS.Quality:1]]
[2019.02.04-13.49.12:623][  0]LogConfig: Setting CVar [[r.SSS.HalfRes:1]]
[2019.02.04-13.49.12:623][  0]LogConfig: Setting CVar [[r.EmitterSpawnRateScale:1.0]]
[2019.02.04-13.49.12:623][  0]LogConfig: Setting CVar [[r.ParticleLightQuality:2]]
[2019.02.04-13.49.12:623][  0]LogConfig: Applying CVar settings from Section [FoliageQuality@3] File [C:/Users/alexa/Documents/GitHub/GameJameuh3D/GameJameuh3d/Saved/Config/Windows/Scalability.ini]
[2019.02.04-13.49.12:623][  0]LogConfig: Setting CVar [[foliage.DensityScale:1.0]]
[2019.02.04-13.49.12:623][  0]LogConfig: Setting CVar [[grass.DensityScale:1.0]]
[2019.02.04-13.49.12:623][  0]LogConfig: Applying CVar settings from Section [Startup] File [../../../Engine/Config/ConsoleVariables.ini]
[2019.02.04-13.49.12:623][  0]LogConfig: Setting CVar [[net.UseAdaptiveNetUpdateFrequency:0]]
[2019.02.04-13.49.12:623][  0]LogConfig: Applying CVar settings from Section [ConsoleVariables] File [C:/Users/alexa/Documents/GitHub/GameJameuh3D/GameJameuh3d/Saved/Config/Windows/Engine.ini]
[2019.02.04-13.49.12:623][  0]LogInit: Computer: LAPTOP-2PERFMJ6
[2019.02.04-13.49.12:623][  0]LogInit: User: alexa
[2019.02.04-13.49.12:623][  0]LogInit: CPU Page size=4096, Cores=4
[2019.02.04-13.49.12:623][  0]LogInit: High frequency timer resolution =2.742190 MHz
[2019.02.04-13.49.12:623][  0]LogMemory: Memory total: Physical=7.9GB (8GB approx)
[2019.02.04-13.49.12:623][  0]LogMemory: Platform Memory Stats for Windows
[2019.02.04-13.49.12:623][  0]LogMemory: Process Physical Memory: 103.51 MB used, 103.51 MB peak
[2019.02.04-13.49.12:623][  0]LogMemory: Process Virtual Memory: 89.87 MB used, 89.87 MB peak
[2019.02.04-13.49.12:623][  0]LogMemory: Physical Memory: 5162.58 MB used,  2897.64 MB free, 8060.22 MB total
[2019.02.04-13.49.12:623][  0]LogMemory: Virtual Memory: 4651.22 MB used,  134213080.00 MB free, 134217728.00 MB total
[2019.02.04-13.49.12:650][  0]LogInit: Using OS detected language (fr-FR).
[2019.02.04-13.49.12:650][  0]LogInit: Using OS detected locale (fr-FR).
[2019.02.04-13.49.12:651][  0]LogTextLocalizationManager: No specific localization for 'fr-FR' exists, so the 'fr' localization will be used.
[2019.02.04-13.49.12:653][  0]LogStreaming: Display: Took  0.003s to InitEngineTextLocalization.
[2019.02.04-13.49.12:654][  0]LogInit: Setting process to per monitor DPI aware
[2019.02.04-13.49.12:710][  0]LogSlate: New Slate User Created.  User Index 0, Is Virtual User: 0
[2019.02.04-13.49.12:710][  0]LogSlate: Slate User Registered.  User Index 0, Is Virtual User: 0
[2019.02.04-13.49.12:958][  0]LogHMD: Failed to initialize OpenVR with code 110
[2019.02.04-13.49.12:958][  0]LogD3D11RHI: D3D11 adapters:
[2019.02.04-13.49.13:044][  0]LogD3D11RHI:    0. 'NVIDIA GeForce GTX 1050' (Feature Level 11_0)
[2019.02.04-13.49.13:044][  0]LogD3D11RHI:       4021/0/4030 MB DedicatedVideo/DedicatedSystem/SharedSystem, Outputs:1, VendorId:0x10de
[2019.02.04-13.49.13:054][  0]LogD3D11RHI:    1. 'Intel(R) HD Graphics 630' (Feature Level 11_0)
[2019.02.04-13.49.13:054][  0]LogD3D11RHI:       128/0/4030 MB DedicatedVideo/DedicatedSystem/SharedSystem, Outputs:0, VendorId:0x8086
[2019.02.04-13.49.13:060][  0]LogD3D11RHI:    2. 'Microsoft Basic Render Driver' (Feature Level 11_0)
[2019.02.04-13.49.13:060][  0]LogD3D11RHI:       0/0/4030 MB DedicatedVideo/DedicatedSystem/SharedSystem, Outputs:0, VendorId:0x1414
[2019.02.04-13.49.13:060][  0]LogD3D11RHI: Chosen D3D11 Adapter: 0
[2019.02.04-13.49.13:126][  0]LogD3D11RHI: Creating new Direct3DDevice
[2019.02.04-13.49.13:126][  0]LogD3D11RHI:     GPU DeviceId: 0x1c8d (for the marketing name, search the web for "GPU Device Id")
[2019.02.04-13.49.13:126][  0]LogWindows: EnumDisplayDevices:
[2019.02.04-13.49.13:126][  0]LogWindows:    0. 'Intel(R) HD Graphics 630' (P:1 D:1)
[2019.02.04-13.49.13:127][  0]LogWindows:    1. 'Intel(R) HD Graphics 630' (P:0 D:0)
[2019.02.04-13.49.13:128][  0]LogWindows:    2. 'Intel(R) HD Graphics 630' (P:0 D:0)
[2019.02.04-13.49.13:128][  0]LogWindows: DebugString: PrimaryIsNotTheChoosenAdapter PrimaryIsNotTheChoosenAdapter PrimaryIsNotTheChoosenAdapter FoundDriverCount:0 
[2019.02.04-13.49.13:128][  0]LogD3D11RHI:     Adapter Name: NVIDIA GeForce GTX 1050
[2019.02.04-13.49.13:128][  0]LogD3D11RHI:   Driver Version: Unknown (internal:Unknown, unified:Unknown)
[2019.02.04-13.49.13:128][  0]LogD3D11RHI:      Driver Date: Unknown
[2019.02.04-13.49.13:128][  0]LogRHI: Texture pool is 2814 MB (70% of 4021 MB)
[2019.02.04-13.49.13:189][  0]LogD3D11RHI: Async texture creation enabled
[2019.02.04-13.49.13:208][  0]LogD3D11RHI: GPU Timing Frequency: 1000.000000 (Debug: 2 2)
[2019.02.04-13.49.13:757][  0]LogTemp: Display: Loaded TP AllDesktopTargetPlatform
[2019.02.04-13.49.13:775][  0]LogTemp: Display: Loaded TP MacClientTargetPlatform
[2019.02.04-13.49.13:790][  0]LogTemp: Display: Loaded TP MacNoEditorTargetPlatform
[2019.02.04-13.49.13:808][  0]LogTemp: Display: Loaded TP MacServerTargetPlatform
[2019.02.04-13.49.13:824][  0]LogTemp: Display: Loaded TP MacTargetPlatform
[2019.02.04-13.49.13:840][  0]LogTemp: Display: Loaded TP WindowsClientTargetPlatform
[2019.02.04-13.49.13:855][  0]LogTemp: Display: Loaded TP WindowsNoEditorTargetPlatform
[2019.02.04-13.49.13:870][  0]LogTemp: Display: Loaded TP WindowsServerTargetPlatform
[2019.02.04-13.49.13:878][  0]LogTemp: Display: Loaded TP WindowsTargetPlatform
[2019.02.04-13.49.13:969][  0]LogTemp: Display: Loaded TP AndroidTargetPlatform
[2019.02.04-13.49.13:969][  0]LogTemp: Display: Loaded TP AndroidTargetPlatform
[2019.02.04-13.49.13:969][  0]LogTemp: Display: Loaded TP AndroidTargetPlatform
[2019.02.04-13.49.13:969][  0]LogTemp: Display: Loaded TP AndroidTargetPlatform
[2019.02.04-13.49.13:969][  0]LogTemp: Display: Loaded TP AndroidTargetPlatform
[2019.02.04-13.49.13:969][  0]LogTemp: Display: Loaded TP AndroidTargetPlatform
[2019.02.04-13.49.13:969][  0]LogTemp: Display: Loaded TP AndroidTargetPlatform
[2019.02.04-13.49.13:969][  0]LogTemp: Display: Loaded TP AndroidTargetPlatform
[2019.02.04-13.49.13:969][  0]LogTemp: Display: Loaded TP AndroidTargetPlatform
[2019.02.04-13.49.13:969][  0]LogTemp: Display: Loaded TP AndroidTargetPlatform
[2019.02.04-13.49.13:969][  0]LogTemp: Display: Loaded TP AndroidTargetPlatform
[2019.02.04-13.49.13:969][  0]LogTemp: Display: Loaded TP AndroidTargetPlatform
[2019.02.04-13.49.13:969][  0]LogTemp: Display: Loaded TP AndroidTargetPlatform
[2019.02.04-13.49.13:969][  0]LogTemp: Display: Loaded TP AndroidTargetPlatform
[2019.02.04-13.49.13:969][  0]LogTemp: Display: Loaded TP AndroidTargetPlatform
[2019.02.04-13.49.13:969][  0]LogTemp: Display: Loaded TP AndroidTargetPlatform
[2019.02.04-13.49.13:969][  0]LogTemp: Display: Loaded TP AndroidTargetPlatform
[2019.02.04-13.49.13:969][  0]LogTemp: Display: Loaded TP AndroidTargetPlatform
[2019.02.04-13.49.13:973][  0]LogTemp: Display: Loaded TP HTML5TargetPlatform
[2019.02.04-13.49.14:036][  0]LogTemp: Display: Loaded TP IOSTargetPlatform
[2019.02.04-13.49.14:036][  0]LogTemp: Display: Loaded TP IOSTargetPlatform
[2019.02.04-13.49.14:061][  0]LogTemp: Display: Loaded TP TVOSTargetPlatform
[2019.02.04-13.49.14:061][  0]LogTemp: Display: Loaded TP TVOSTargetPlatform
[2019.02.04-13.49.14:075][  0]LogTemp: Display: Loaded TP LinuxClientTargetPlatform
[2019.02.04-13.49.14:087][  0]LogTemp: Display: Loaded TP LinuxNoEditorTargetPlatform
[2019.02.04-13.49.14:101][  0]LogTemp: Display: Loaded TP LinuxServerTargetPlatform
[2019.02.04-13.49.14:115][  0]LogTemp: Display: Loaded TP LinuxTargetPlatform
[2019.02.04-13.49.14:163][  0]LogTemp: Display: Loaded TP LuminTargetPlatform
[2019.02.04-13.49.14:163][  0]LogTemp: Display: Loaded TP LuminTargetPlatform
[2019.02.04-13.49.14:164][  0]LogTargetPlatformManager: Display: Building Assets For Windows
[2019.02.04-13.49.14:221][  0]LogShaderCompilers: Guid format shader working directory is -27 characters bigger than the processId version (../../../../../../Users/alexa/Documents/GitHub/GameJameuh3D/GameJameuh3d/Intermediate/Shaders/WorkingDirectory/79208/).
[2019.02.04-13.49.14:221][  0]LogShaderCompilers: Cleaned the shader compiler working directory 'C:/Users/alexa/AppData/Local/Temp/UnrealShaderWorkingDir/135ACBB245C2E06B2180B0BA095245F3/'.
[2019.02.04-13.49.14:223][  0]LogXGEController: Cannot use XGE Controller as Incredibuild is not installed on this machine.
[2019.02.04-13.49.14:223][  0]LogShaderCompilers: Cannot use XGE Shader Compiler as Incredibuild is not installed on this machine.
[2019.02.04-13.49.14:223][  0]LogShaderCompilers: Display: Using Local Shader Compiler.
[2019.02.04-13.49.14:795][  0]LogDerivedDataCache: Display: Max Cache Size: 512 MB
[2019.02.04-13.49.14:862][  0]LogDerivedDataCache: Loaded boot cache 0.07s 71MB C:/Users/alexa/AppData/Local/UnrealEngine/4.21/DerivedDataCache/Boot.ddc.
[2019.02.04-13.49.14:862][  0]LogDerivedDataCache: Display: Loaded Boot cache: C:/Users/alexa/AppData/Local/UnrealEngine/4.21/DerivedDataCache/Boot.ddc
[2019.02.04-13.49.14:862][  0]LogDerivedDataCache: FDerivedDataBackendGraph:  Pak pak cache file ../../../../../../Users/alexa/Documents/GitHub/GameJameuh3D/GameJameuh3d/DerivedDataCache/DDC.ddp not found, will not use a pak cache.
[2019.02.04-13.49.14:862][  0]LogDerivedDataCache: Unable to find inner node Pak for hierarchical cache Hierarchy.
[2019.02.04-13.49.14:862][  0]LogDerivedDataCache: FDerivedDataBackendGraph:  CompressedPak pak cache file ../../../../../../Users/alexa/Documents/GitHub/GameJameuh3D/GameJameuh3d/DerivedDataCache/Compressed.ddp not found, will not use a pak cache.
[2019.02.04-13.49.14:862][  0]LogDerivedDataCache: Unable to find inner node CompressedPak for hierarchical cache Hierarchy.
[2019.02.04-13.49.14:879][  0]LogDerivedDataCache: Display: Pak cache opened for reading ../../../Engine/DerivedDataCache/Compressed.ddp.
[2019.02.04-13.49.14:879][  0]LogDerivedDataCache: FDerivedDataBackendGraph:  EnterprisePak pak cache file ../../../Enterprise/DerivedDataCache/Compressed.ddp not found, will not use a pak cache.
[2019.02.04-13.49.14:879][  0]LogDerivedDataCache: Unable to find inner node EnterprisePak for hierarchical cache Hierarchy.
[2019.02.04-13.49.14:891][  0]LogDerivedDataCache: Using Local data cache path C:/Users/alexa/AppData/Local/UnrealEngine/Common/DerivedDataCache: Writable
[2019.02.04-13.49.14:891][  0]LogDerivedDataCache: Shared data cache path not found in *engine.ini, will not use an Shared cache.
[2019.02.04-13.49.14:891][  0]LogDerivedDataCache: Unable to find inner node Shared for hierarchical cache Hierarchy.
[2019.02.04-13.49.14:917][  0]LogMaterial: Verifying Global Shaders for PCD3D_SM5
[2019.02.04-13.49.14:918][  0]LogSlate: Using FreeType 2.6.0
[2019.02.04-13.49.14:919][  0]LogSlate: SlateFontServices - WITH_FREETYPE: 1, WITH_HARFBUZZ: 1
[2019.02.04-13.49.15:011][  0]LogAssetRegistry: FAssetRegistry took 0.0337 seconds to start up
[2019.02.04-13.49.15:375][  0]LogInit: Selected Device Profile: [Windows]
[2019.02.04-13.49.15:537][  0]LogSimplygon: Simplygon DLL not present - disabling.
[2019.02.04-13.49.15:542][  0]LogMeshReduction: Using SimplygonSwarm for distributed automatic mesh merging
[2019.02.04-13.49.15:542][  0]LogMeshReduction: Using ProxyLODMeshReduction for automatic mesh merging
[2019.02.04-13.49.15:542][  0]LogMeshReduction: Using QuadricMeshReduction for automatic static mesh reduction
[2019.02.04-13.49.15:542][  0]LogMeshReduction: No automatic skeletal mesh reduction module available
[2019.02.04-13.49.15:558][  0]LogNetVersion: GameJameuh3d 1.0.0, NetCL: 4541578, EngineNetVer: 5, GameNetVer: 0 (Checksum: 1734694019)
[2019.02.04-13.49.16:218][  0]LogPackageLocalizationCache: Processed 11 localized package path(s) for 2 prioritized culture(s) in 0.112154 seconds
[2019.02.04-13.49.16:224][  0]LogUObjectArray: 39775 objects as part of root set at end of initial load.
[2019.02.04-13.49.16:224][  0]LogUObjectAllocator: 6914656 out of 0 bytes used by permanent object pool.
[2019.02.04-13.49.16:224][  0]LogUObjectArray: CloseDisregardForGC: 0/0 objects in disregard for GC pool
[2019.02.04-13.49.17:168][  0]LogTcpMessaging: Initializing TcpMessaging bridge
[2019.02.04-13.49.17:183][  0]LogUdpMessaging: Initializing bridge on interface 0.0.0.0:0 to multicast group 230.0.0.1:6666.
[2019.02.04-13.49.17:939][  0]SourceControl: Source control is disabled
[2019.02.04-13.49.17:939][  0]SourceControl: Source control is disabled
[2019.02.04-13.49.17:941][  0]SourceControl: Source control is disabled
[2019.02.04-13.49.17:942][  0]SourceControl: Source control is disabled
[2019.02.04-13.49.18:113][  0]LogAndroidPermission: UAndroidPermissionCallbackProxy::GetInstance
[2019.02.04-13.49.18:193][  0]LogOcInput: OculusInput pre-init called
[2019.02.04-13.49.18:333][  0]LogEngine: Initializing Engine...
[2019.02.04-13.49.18:334][  0]LogHMD: Failed to initialize OpenVR with code 110
[2019.02.04-13.49.18:336][  0]LogStats: UGameplayTagsManager::ConstructGameplayTagTree: ImportINI prefixes -  0.000 s
[2019.02.04-13.49.18:337][  0]LogStats: UGameplayTagsManager::ConstructGameplayTagTree: Construct from data asset -  0.000 s
[2019.02.04-13.49.18:337][  0]LogStats: UGameplayTagsManager::ConstructGameplayTagTree: ImportINI -  0.000 s
[2019.02.04-13.49.18:337][  0]LogStats: UGameplayTagsManager::ConstructGameplayTagTree: GameplayTagTreeChangedEvent.Broadcast -  0.000 s
[2019.02.04-13.49.18:633][  0]LogInit: Initializing FReadOnlyCVARCache
[2019.02.04-13.49.18:652][  0]LogAIModule: Creating AISystem for world Untitled
[2019.02.04-13.49.18:738][  0]LogInit: XAudio2 using 'Haut-parleurs (Realtek High Definition Audio)' : 2 channels at 48 kHz using 32 bits per sample (channel mask 0x3)
[2019.02.04-13.49.18:893][  0]LogInit: FAudioDevice initialized.
[2019.02.04-13.49.18:893][  0]LogNetVersion: Set ProjectVersion to 1.0.0.0. Version Checksum will be recalculated on next use.
[2019.02.04-13.49.19:124][  0]LogDerivedDataCache: Saved boot cache 0.23s 71MB C:/Users/alexa/AppData/Local/UnrealEngine/4.21/DerivedDataCache/Boot.ddc.
[2019.02.04-13.49.19:130][  0]LogInit: Texture streaming: Enabled
[2019.02.04-13.49.19:156][  0]LogEngineSessionManager: EngineSessionManager initialized
[2019.02.04-13.49.19:195][  0]LogInit: Transaction tracking system initialized
[2019.02.04-13.49.19:237][  0]BlueprintLog: New page: Editor Load
[2019.02.04-13.49.19:327][  0]LocalizationService: Localization service is disabled
[2019.02.04-13.49.19:848][  0]LogFileCache: Scanning file cache for directory 'C:/Users/alexa/Documents/GitHub/GameJameuh3D/GameJameuh3d/Content/' took 0.02s
[2019.02.04-13.49.19:848][  0]LogCook: Display: Max memory allowance for cook 16384mb min free memory 0mb
[2019.02.04-13.49.19:848][  0]LogCook: Display: Mobile HDR setting 1
[2019.02.04-13.49.19:849][  0]LogGameplayTags: Display: UGameplayTagsManager::DoneAddingNativeTags. DelegateIsBound: 0
[2019.02.04-13.49.19:849][  0]LogStats: UGameplayTagsManager::ConstructGameplayTagTree: ImportINI prefixes -  0.000 s
[2019.02.04-13.49.19:849][  0]LogStats: UGameplayTagsManager::ConstructGameplayTagTree: Construct from data asset -  0.000 s
[2019.02.04-13.49.19:849][  0]LogStats: UGameplayTagsManager::ConstructGameplayTagTree: ImportINI -  0.000 s
[2019.02.04-13.49.19:849][  0]LogStats: UGameplayTagsManager::ConstructGameplayTagTree: GameplayTagTreeChangedEvent.Broadcast -  0.000 s
[2019.02.04-13.49.20:030][  0]SourceControl: Source control is disabled
[2019.02.04-13.49.20:030][  0]Cmd: MAP LOAD FILE="../../../../../../Users/alexa/Documents/GitHub/GameJameuh3D/GameJameuh3d/Content/FirstPersonBP/Maps/FirstPersonExampleMap.umap" TEMPLATE=0 SHOWPROGRESS=1 FEATURELEVEL=3
[2019.02.04-13.49.20:031][  0]LightingResults: New page: Lighting Build
[2019.02.04-13.49.20:033][  0]MapCheck: New page: Map Check
[2019.02.04-13.49.20:033][  0]LightingResults: New page: Lighting Build
[2019.02.04-13.49.21:123][  0]LogAIModule: Creating AISystem for world FirstPersonExampleMap
[2019.02.04-13.49.21:202][  0]LogEditorServer: Finished looking for orphan Actors (0.000 secs)
[2019.02.04-13.49.21:230][  0]Cmd: MAP CHECKDEP NOCLEARLOG
[2019.02.04-13.49.21:230][  0]MapCheck: Map check complete: 0 Error(s), 0 Warning(s), took 0,199ms to complete.
[2019.02.04-13.49.21:230][  0]LogFileHelpers: Loading map 'FirstPersonExampleMap' took 1.200
[2019.02.04-13.49.21:432][  0]LogSlate: Updating window title bar state: overlay mode, drag disabled, window buttons hidden, title bar hidden
[2019.02.04-13.49.21:439][  0]LogSlate: Updating window title bar state: overlay mode, drag disabled, window buttons hidden, title bar hidden
[2019.02.04-13.49.21:446][  0]LogSlate: Updating window title bar state: overlay mode, drag disabled, window buttons hidden, title bar hidden
[2019.02.04-13.49.21:454][  0]LogSlate: Updating window title bar state: overlay mode, drag disabled, window buttons hidden, title bar hidden
[2019.02.04-13.49.21:465][  0]LogCollectionManager: Loaded 0 collections in 0.002498 seconds
[2019.02.04-13.49.21:483][  0]LogFileCache: Scanning file cache for directory 'C:/Users/alexa/Documents/GitHub/GameJameuh3D/GameJameuh3d/Saved/Collections/' took 0.01s
[2019.02.04-13.49.21:483][  0]LogFileCache: Scanning file cache for directory 'C:/Users/alexa/Documents/GitHub/GameJameuh3D/GameJameuh3d/Content/Developers/alexa/Collections/' took 0.00s
[2019.02.04-13.49.21:483][  0]LogFileCache: Scanning file cache for directory 'C:/Users/alexa/Documents/GitHub/GameJameuh3D/GameJameuh3d/Content/Collections/' took 0.00s
[2019.02.04-13.49.21:483][  0]LogCollectionManager: Rebuilt the GUID cache for 0 collections in 0.000000 seconds
[2019.02.04-13.49.21:493][  0]LogContentBrowser: Native class hierarchy populated in 0.0095 seconds. Added 2651 classes and 620 folders.
[2019.02.04-13.49.21:499][  0]LogContentBrowser: Native class hierarchy updated for 'WidgetCarousel' in 0.0003 seconds. Added 0 classes and 0 folders.
[2019.02.04-13.49.21:572][  0]LogPakFile: Registered encryption key '00000000000000000000000000000000': 0 pak files mounted, 0 remain pending
[2019.02.04-13.49.21:573][  0]LogPakFile: Registered encryption key '00000000000000000000000000000000': 0 pak files mounted, 0 remain pending
[2019.02.04-13.49.21:573][  0]LogPakFile: Registered encryption key '00000000000000000000000000000000': 0 pak files mounted, 0 remain pending
[2019.02.04-13.49.21:573][  0]LogPakFile: Registered encryption key '00000000000000000000000000000000': 0 pak files mounted, 0 remain pending
[2019.02.04-13.49.21:574][  0]LogPakFile: Registered encryption key '00000000000000000000000000000000': 0 pak files mounted, 0 remain pending
[2019.02.04-13.49.21:574][  0]LogPakFile: Registered encryption key '00000000000000000000000000000000': 0 pak files mounted, 0 remain pending
[2019.02.04-13.49.21:575][  0]LogPakFile: Registered encryption key '00000000000000000000000000000000': 0 pak files mounted, 0 remain pending
[2019.02.04-13.49.21:575][  0]LogPakFile: Registered encryption key '00000000000000000000000000000000': 0 pak files mounted, 0 remain pending
[2019.02.04-13.49.21:576][  0]LogPakFile: Registered encryption key '00000000000000000000000000000000': 0 pak files mounted, 0 remain pending
[2019.02.04-13.49.21:576][  0]LogPakFile: Registered encryption key '00000000000000000000000000000000': 0 pak files mounted, 0 remain pending
[2019.02.04-13.49.21:576][  0]LogPakFile: Registered encryption key '00000000000000000000000000000000': 0 pak files mounted, 0 remain pending
[2019.02.04-13.49.21:577][  0]LogPakFile: Registered encryption key '00000000000000000000000000000000': 0 pak files mounted, 0 remain pending
[2019.02.04-13.49.21:577][  0]LogPakFile: Registered encryption key '00000000000000000000000000000000': 0 pak files mounted, 0 remain pending
[2019.02.04-13.49.21:578][  0]LogPakFile: Registered encryption key '00000000000000000000000000000000': 0 pak files mounted, 0 remain pending
[2019.02.04-13.49.21:578][  0]LogPakFile: Registered encryption key '00000000000000000000000000000000': 0 pak files mounted, 0 remain pending
[2019.02.04-13.49.21:579][  0]LogPakFile: Registered encryption key '00000000000000000000000000000000': 0 pak files mounted, 0 remain pending
[2019.02.04-13.49.21:579][  0]LogPakFile: Registered encryption key '00000000000000000000000000000000': 0 pak files mounted, 0 remain pending
[2019.02.04-13.49.21:580][  0]LogPakFile: Registered encryption key '00000000000000000000000000000000': 0 pak files mounted, 0 remain pending
[2019.02.04-13.49.21:580][  0]LogPakFile: Registered encryption key '00000000000000000000000000000000': 0 pak files mounted, 0 remain pending
[2019.02.04-13.49.21:580][  0]LogPakFile: Registered encryption key '00000000000000000000000000000000': 0 pak files mounted, 0 remain pending
[2019.02.04-13.49.21:581][  0]LogPakFile: Registered encryption key '00000000000000000000000000000000': 0 pak files mounted, 0 remain pending
[2019.02.04-13.49.21:581][  0]LogPakFile: Registered encryption key '00000000000000000000000000000000': 0 pak files mounted, 0 remain pending
[2019.02.04-13.49.21:582][  0]LogPakFile: Registered encryption key '00000000000000000000000000000000': 0 pak files mounted, 0 remain pending
[2019.02.04-13.49.21:582][  0]LogPakFile: Registered encryption key '00000000000000000000000000000000': 0 pak files mounted, 0 remain pending
[2019.02.04-13.49.21:583][  0]LogPakFile: Registered encryption key '00000000000000000000000000000000': 0 pak files mounted, 0 remain pending
[2019.02.04-13.49.21:584][  0]LogPakFile: Registered encryption key '00000000000000000000000000000000': 0 pak files mounted, 0 remain pending
[2019.02.04-13.49.22:819][  0]LogContentBrowser: Native class hierarchy updated for 'AddContentDialog' in 0.0008 seconds. Added 0 classes and 0 folders.
[2019.02.04-13.49.22:824][  0]LogContentBrowser: Native class hierarchy updated for 'SceneOutliner' in 0.0003 seconds. Added 1 classes and 2 folders.
[2019.02.04-13.49.22:841][  0]LogSlate: Took 0.000162 seconds to synchronously load lazily loaded font '../../../Engine/Content/Slate/Fonts/Roboto-Regular.ttf' (155K)
[2019.02.04-13.49.22:843][  0]LogSlate: Took 0.000172 seconds to synchronously load lazily loaded font '../../../Engine/Content/Slate/Fonts/Roboto-Bold.ttf' (160K)
[2019.02.04-13.49.22:888][  0]LogSlate: Took 0.039027 seconds to synchronously load lazily loaded font '../../../Engine/Content/Editor/Slate/Fonts/FontAwesome.ttf' (139K)
[2019.02.04-13.49.23:005][  0]LogRenderer: Reallocating scene render targets to support 964x440 Format 10 NumSamples 1 (Frame:1).
[2019.02.04-13.49.23:278][  0]LogContentBrowser: Native class hierarchy updated for 'HierarchicalLODOutliner' in 0.0002 seconds. Added 0 classes and 0 folders.
[2019.02.04-13.49.23:278][  0]LogLoad: (Engine Initialization) Total time: 13.07 seconds
[2019.02.04-13.49.23:278][  0]LogLoad: (Engine Initialization) Total Blueprint compile time: 0.00 seconds
[2019.02.04-13.49.23:299][  0]LogWindowsTextInputMethodSystem: Display: IME system now deactivated.
[2019.02.04-13.49.23:357][  0]LogContentStreaming: Texture pool size now 1000 MB
[2019.02.04-13.49.23:377][  0]LogSlate: Took 0.000187 seconds to synchronously load lazily loaded font '../../../Engine/Content/Slate/Fonts/Roboto-Light.ttf' (167K)
[2019.02.04-13.49.23:465][  2]LogAssetRegistry: Asset discovery search completed in 8.4770 seconds
[2019.02.04-13.49.23:468][  2]LogCollectionManager: Rebuilt the object cache for 0 collections in 0.000000 seconds (found 0 objects)
[2019.02.04-13.49.23:468][  2]LogCollectionManager: Fixed up redirectors for 0 collections in 0.000111 seconds (updated 0 objects)
[2019.02.04-13.49.31:902][504]LogSlate: FSceneViewport::OnFocusLost() reason 0
[2019.02.04-13.49.55:705][925]LogEditorViewport: Clicking on Actor (LMB): StaticMeshActor (Roof)
[2019.02.04-13.49.57:684][ 39]LogSlate: FSceneViewport::OnFocusLost() reason 0
[2019.02.04-13.50.19:531][334]LogTemp: Repeating last play command: Selected Viewport
[2019.02.04-13.50.19:542][334]LogBlueprintUserMessages: Early PlayInEditor Detection: Level '/Game/FirstPersonBP/Maps/FirstPersonExampleMap.FirstPersonExampleMap:PersistentLevel' has LevelScriptBlueprint '/Game/FirstPersonBP/Maps/FirstPersonExampleMap.FirstPersonExampleMap:PersistentLevel.FirstPersonExampleMap' with GeneratedClass '/Game/FirstPersonBP/Maps/FirstPersonExampleMap.FirstPersonExampleMap_C' with ClassGeneratedBy '/Game/FirstPersonBP/Maps/FirstPersonExampleMap.FirstPersonExampleMap:PersistentLevel.FirstPersonExampleMap'
[2019.02.04-13.50.19:542][334]LogPlayLevel: PlayLevel: No blueprints needed recompiling
[2019.02.04-13.50.19:542][334]PIE: New page: PIE session: FirstPersonExampleMap (4 févr. 2019 15:50:19)
[2019.02.04-13.50.19:556][334]LogPlayLevel: Creating play world package: /Game/FirstPersonBP/Maps/UEDPIE_0_FirstPersonExampleMap
[2019.02.04-13.50.19:582][334]LogPlayLevel: PIE: StaticDuplicateObject took: (0.026119s)
[2019.02.04-13.50.19:583][334]LogAIModule: Creating AISystem for world FirstPersonExampleMap
[2019.02.04-13.50.19:583][334]LogPlayLevel: PIE: World Init took: (0.001207s)
[2019.02.04-13.50.19:583][334]LogPlayLevel: PIE: Created PIE world by copying editor world from /Game/FirstPersonBP/Maps/FirstPersonExampleMap.FirstPersonExampleMap to /Game/FirstPersonBP/Maps/UEDPIE_0_FirstPersonExampleMap.FirstPersonExampleMap (0.027719s)
[2019.02.04-13.50.19:701][334]LogInit: XAudio2 using 'Haut-parleurs (Realtek High Definition Audio)' : 2 channels at 48 kHz using 32 bits per sample (channel mask 0x3)
[2019.02.04-13.50.19:723][334]LogInit: FAudioDevice initialized.
[2019.02.04-13.50.19:773][334]LogLoad: Game class is 'FirstPersonGameMode_C'
[2019.02.04-13.50.19:776][334]LogWorld: Bringing World /Game/FirstPersonBP/Maps/UEDPIE_0_FirstPersonExampleMap.FirstPersonExampleMap up for play (max tick rate 60) at 2019.02.04-14.50.19
[2019.02.04-13.50.19:776][334]LogWorld: Bringing up level for play took: 0.001871
[2019.02.04-13.50.19:794][334]LogContentBrowser: Native class hierarchy updated for 'MovieSceneCapture' in 0.0004 seconds. Added 20 classes and 0 folders.
[2019.02.04-13.50.19:795][334]PIE: Play in editor start time for /Game/FirstPersonBP/Maps/UEDPIE_0_FirstPersonExampleMap 0,455
[2019.02.04-13.50.19:795][334]LogBlueprintUserMessages: Late PlayInEditor Detection: Level '/Game/FirstPersonBP/Maps/FirstPersonExampleMap.FirstPersonExampleMap:PersistentLevel' has LevelScriptBlueprint '/Game/FirstPersonBP/Maps/FirstPersonExampleMap.FirstPersonExampleMap:PersistentLevel.FirstPersonExampleMap' with GeneratedClass '/Game/FirstPersonBP/Maps/FirstPersonExampleMap.FirstPersonExampleMap_C' with ClassGeneratedBy '/Game/FirstPersonBP/Maps/FirstPersonExampleMap.FirstPersonExampleMap:PersistentLevel.FirstPersonExampleMap'
[2019.02.04-13.50.45:272][861]LogSpawn: Warning: SpawnActor failed because of collision at the spawn location [X=216.140 Y=-1212.169 Z=349.245] for [FirstPersonProjectile_C]
[2019.02.04-13.50.45:608][881]LogSpawn: Warning: SpawnActor failed because of collision at the spawn location [X=185.989 Y=-1141.880 Z=351.402] for [FirstPersonProjectile_C]
[2019.02.04-13.50.45:790][892]LogSpawn: Warning: SpawnActor failed because of collision at the spawn location [X=193.036 Y=-1179.132 Z=345.514] for [FirstPersonProjectile_C]
[2019.02.04-13.50.46:042][907]LogSpawn: Warning: SpawnActor failed because of collision at the spawn location [X=239.449 Y=-1270.845 Z=333.649] for [FirstPersonProjectile_C]
[2019.02.04-13.50.46:191][916]LogSpawn: Warning: SpawnActor failed because of collision at the spawn location [X=257.295 Y=-1323.326 Z=330.868] for [FirstPersonProjectile_C]
[2019.02.04-13.50.47:857][ 16]LogBlueprintUserMessages: Early EndPlayMap Detection: Level '/Game/FirstPersonBP/Maps/FirstPersonExampleMap.FirstPersonExampleMap:PersistentLevel' has LevelScriptBlueprint '/Game/FirstPersonBP/Maps/FirstPersonExampleMap.FirstPersonExampleMap:PersistentLevel.FirstPersonExampleMap' with GeneratedClass '/Game/FirstPersonBP/Maps/FirstPersonExampleMap.FirstPersonExampleMap_C' with ClassGeneratedBy '/Game/FirstPersonBP/Maps/FirstPersonExampleMap.FirstPersonExampleMap:PersistentLevel.FirstPersonExampleMap'
[2019.02.04-13.50.47:857][ 16]LogSlate: Updating window title bar state: overlay mode, drag disabled, window buttons hidden, title bar hidden
[2019.02.04-13.50.47:899][ 16]LogPlayLevel: Display: Shutting down PIE online subsystems
[2019.02.04-13.50.47:899][ 16]LogBlueprintUserMessages: Late EndPlayMap Detection: Level '/Game/FirstPersonBP/Maps/FirstPersonExampleMap.FirstPersonExampleMap:PersistentLevel' has LevelScriptBlueprint '/Game/FirstPersonBP/Maps/FirstPersonExampleMap.FirstPersonExampleMap:PersistentLevel.FirstPersonExampleMap' with GeneratedClass '/Game/FirstPersonBP/Maps/FirstPersonExampleMap.FirstPersonExampleMap_C' with ClassGeneratedBy '/Game/FirstPersonBP/Maps/FirstPersonExampleMap.FirstPersonExampleMap:PersistentLevel.FirstPersonExampleMap'
[2019.02.04-13.50.47:925][ 16]LogSlate: Updating window title bar state: overlay mode, drag disabled, window buttons hidden, title bar hidden
[2019.02.04-13.50.47:964][ 18]LogPlayLevel: Display: Destroying online subsystem :Context_3
[2019.02.04-13.51.13:246][534]LogEditorViewport: Clicking on Actor (LMB): StaticMeshActor (Wall1)
[2019.02.04-13.51.32:976][710]LogEditorViewport: Clicking on Actor (CTRL LMB): StaticMeshActor (Wall3)
[2019.02.04-13.51.34:724][810]LogSlate: FSceneViewport::OnFocusLost() reason 0
[2019.02.04-13.51.53:046][896]LogEditorViewport: Clicking on Actor (LMB): StaticMeshActor (Roof)
[2019.02.04-13.51.54:676][991]LogEditorViewport: Clicking on Actor (LMB): BP_Sky_Sphere_C (SkySphereBlueprint)
[2019.02.04-13.51.55:244][ 23]LogEditorViewport: Clicking on Actor (LMB): PointLight (PointLight)
[2019.02.04-13.51.58:891][239]LogEditorViewport: Clicking on Actor (LMB): StaticMeshActor (Roof)
[2019.02.04-13.52.09:710][883]LogEditorViewport: Clicking on Actor (LMB): StaticMeshActor (Floor)
[2019.02.04-13.52.44:202][946]LogSlate: FSceneViewport::OnFocusLost() reason 0
[2019.02.04-13.52.44:285][951]LogTemp: Repeating last play command: Selected Viewport
[2019.02.04-13.52.44:302][951]LogBlueprintUserMessages: Early PlayInEditor Detection: Level '/Game/FirstPersonBP/Maps/FirstPersonExampleMap.FirstPersonExampleMap:PersistentLevel' has LevelScriptBlueprint '/Game/FirstPersonBP/Maps/FirstPersonExampleMap.FirstPersonExampleMap:PersistentLevel.FirstPersonExampleMap' with GeneratedClass '/Game/FirstPersonBP/Maps/FirstPersonExampleMap.FirstPersonExampleMap_C' with ClassGeneratedBy '/Game/FirstPersonBP/Maps/FirstPersonExampleMap.FirstPersonExampleMap:PersistentLevel.FirstPersonExampleMap'
[2019.02.04-13.52.44:302][951]LogPlayLevel: PlayLevel: No blueprints needed recompiling
[2019.02.04-13.52.44:302][951]PIE: New page: PIE session: FirstPersonExampleMap (4 févr. 2019 15:52:44)
[2019.02.04-13.52.44:302][951]LogPlayLevel: Creating play world package: /Game/FirstPersonBP/Maps/UEDPIE_0_FirstPersonExampleMap
[2019.02.04-13.52.44:321][951]LogPlayLevel: PIE: StaticDuplicateObject took: (0.019117s)
[2019.02.04-13.52.44:322][951]LogAIModule: Creating AISystem for world FirstPersonExampleMap
[2019.02.04-13.52.44:323][951]LogPlayLevel: PIE: World Init took: (0.001354s)
[2019.02.04-13.52.44:323][951]LogPlayLevel: PIE: Created PIE world by copying editor world from /Game/FirstPersonBP/Maps/FirstPersonExampleMap.FirstPersonExampleMap to /Game/FirstPersonBP/Maps/UEDPIE_0_FirstPersonExampleMap.FirstPersonExampleMap (0.020668s)
[2019.02.04-13.52.44:361][951]LogInit: XAudio2 using 'Haut-parleurs (Realtek High Definition Audio)' : 2 channels at 48 kHz using 32 bits per sample (channel mask 0x3)
[2019.02.04-13.52.44:386][951]LogInit: FAudioDevice initialized.
[2019.02.04-13.52.44:416][951]LogLoad: Game class is 'FirstPersonGameMode_C'
[2019.02.04-13.52.44:419][951]LogWorld: Bringing World /Game/FirstPersonBP/Maps/UEDPIE_0_FirstPersonExampleMap.FirstPersonExampleMap up for play (max tick rate 60) at 2019.02.04-14.52.44
[2019.02.04-13.52.44:419][951]LogWorld: Bringing up level for play took: 0.002011
[2019.02.04-13.52.44:433][951]PIE: Play in editor start time for /Game/FirstPersonBP/Maps/UEDPIE_0_FirstPersonExampleMap 1,092
[2019.02.04-13.52.44:433][951]LogBlueprintUserMessages: Late PlayInEditor Detection: Level '/Game/FirstPersonBP/Maps/FirstPersonExampleMap.FirstPersonExampleMap:PersistentLevel' has LevelScriptBlueprint '/Game/FirstPersonBP/Maps/FirstPersonExampleMap.FirstPersonExampleMap:PersistentLevel.FirstPersonExampleMap' with GeneratedClass '/Game/FirstPersonBP/Maps/FirstPersonExampleMap.FirstPersonExampleMap_C' with ClassGeneratedBy '/Game/FirstPersonBP/Maps/FirstPersonExampleMap.FirstPersonExampleMap:PersistentLevel.FirstPersonExampleMap'
[2019.02.04-13.53.01:544][976]LogBlueprintUserMessages: Early EndPlayMap Detection: Level '/Game/FirstPersonBP/Maps/FirstPersonExampleMap.FirstPersonExampleMap:PersistentLevel' has LevelScriptBlueprint '/Game/FirstPersonBP/Maps/FirstPersonExampleMap.FirstPersonExampleMap:PersistentLevel.FirstPersonExampleMap' with GeneratedClass '/Game/FirstPersonBP/Maps/FirstPersonExampleMap.FirstPersonExampleMap_C' with ClassGeneratedBy '/Game/FirstPersonBP/Maps/FirstPersonExampleMap.FirstPersonExampleMap:PersistentLevel.FirstPersonExampleMap'
[2019.02.04-13.53.01:544][976]LogSlate: Updating window title bar state: overlay mode, drag disabled, window buttons hidden, title bar hidden
[2019.02.04-13.53.01:576][976]LogPlayLevel: Display: Shutting down PIE online subsystems
[2019.02.04-13.53.01:576][976]LogBlueprintUserMessages: Late EndPlayMap Detection: Level '/Game/FirstPersonBP/Maps/FirstPersonExampleMap.FirstPersonExampleMap:PersistentLevel' has LevelScriptBlueprint '/Game/FirstPersonBP/Maps/FirstPersonExampleMap.FirstPersonExampleMap:PersistentLevel.FirstPersonExampleMap' with GeneratedClass '/Game/FirstPersonBP/Maps/FirstPersonExampleMap.FirstPersonExampleMap_C' with ClassGeneratedBy '/Game/FirstPersonBP/Maps/FirstPersonExampleMap.FirstPersonExampleMap:PersistentLevel.FirstPersonExampleMap'
[2019.02.04-13.53.01:602][976]LogSlate: Updating window title bar state: overlay mode, drag disabled, window buttons hidden, title bar hidden
[2019.02.04-13.53.01:642][978]LogPlayLevel: Display: Destroying online subsystem :Context_4
[2019.02.04-13.53.03:010][ 60]LogEditorViewport: Clicking on Actor (LMB): FirstPersonCharacter_C (FirstPersonCharacter)
[2019.02.04-13.53.08:985][411]LogSlate: FSceneViewport::OnFocusLost() reason 0
[2019.02.04-13.54.08:673][970]LogSlate: FSceneViewport::OnFocusLost() reason 0
[2019.02.04-13.55.09:406][608]LogSlate: FSceneViewport::OnFocusLost() reason 0
[2019.02.04-13.55.40:513][391]LogSlate: Window 'Tutorials' being destroyed
[2019.02.04-13.55.43:740][573]LogEditorViewport: Clicking on Actor (double click): StaticMeshActor (Floor)
[2019.02.04-13.56.25:772][ 29]LogMaterial: Display: Missing cached shader map for material LayerVisMaterial, compiling. 
[2019.02.04-13.56.26:016][ 29]LogShaderCompilers: Display: Shaders left to compile 8
[2019.02.04-13.56.26:016][ 29]LogMaterial: Display: Missing cached shader map for material SelectBrushMaterial, compiling. 
[2019.02.04-13.56.26:155][ 29]LogMaterial: Display: Missing cached shader map for material SelectBrushMaterial, compiling. 
[2019.02.04-13.56.26:345][ 29]LogMaterial: Display: Missing cached shader map for material MaskBrushMaterial, compiling. 
[2019.02.04-13.56.27:116][ 29]LogShaderCompilers: Display: Shaders left to compile 60
[2019.02.04-13.56.27:116][ 29]LogShaderCompilers: Display: Shaders left to compile 50
[2019.02.04-13.56.27:116][ 29]LogShaderCompilers: Display: Shaders left to compile 40
[2019.02.04-13.56.27:116][ 29]LogMaterial: Display: Missing cached shader map for material LandscapeLayerUsageMaterial, compiling. 
[2019.02.04-13.56.27:958][ 29]LogMaterial: Display: Missing cached shader map for material CircleBrushMaterial, compiling. 
[2019.02.04-13.56.27:999][ 29]LogMaterial: Display: Missing cached shader map for material CircleBrushMaterial, compiling. 
[2019.02.04-13.56.28:070][ 29]LogMaterial: Display: Missing cached shader map for material CircleBrushMaterial, compiling. 
[2019.02.04-13.56.28:206][ 29]LogMaterial: Display: Missing cached shader map for material CircleBrushMaterial, compiling. 
[2019.02.04-13.56.28:312][ 29]LogMaterial: Display: Missing cached shader map for material AlphaBrushMaterial, compiling. 
[2019.02.04-13.56.28:417][ 29]LogMaterial: Display: Missing cached shader map for material CircleBrushMaterial, compiling. 
[2019.02.04-13.56.28:489][ 29]LogMaterial: Display: Missing cached shader map for material MaskBrushMaterial, compiling. 
[2019.02.04-13.56.28:891][ 29]LogTexture: Display: Building textures: Texture2D_2 (G8, 128X128)
[2019.02.04-13.56.35:142][279]LogEditorViewport: Clicking on Actor (context menu): StaticMeshActor (Roof)
[2019.02.04-13.56.35:186][279]LogSlate: FSceneViewport::OnFocusLost() reason 2
[2019.02.04-13.56.35:769][308]LogShaderCompilers: Display: Shaders left to compile 178
[2019.02.04-13.56.38:287][437]LogShaderCompilers: Display: Shaders left to compile 168
[2019.02.04-13.56.38:632][454]LogShaderCompilers: Display: Shaders left to compile 158
[2019.02.04-13.56.38:741][460]LogShaderCompilers: Display: Shaders left to compile 148
[2019.02.04-13.56.43:932][736]LogShaderCompilers: Display: Shaders left to compile 138
[2019.02.04-13.56.45:369][811]LogShaderCompilers: Display: Shaders left to compile 128
[2019.02.04-13.56.46:124][850]LogShaderCompilers: Display: Shaders left to compile 118
[2019.02.04-13.56.46:271][858]LogShaderCompilers: Display: Shaders left to compile 108
[2019.02.04-13.56.52:637][190]LogShaderCompilers: Display: Shaders left to compile 98
[2019.02.04-13.56.53:548][236]LogShaderCompilers: Display: Shaders left to compile 88
[2019.02.04-13.56.54:203][269]LogShaderCompilers: Display: Shaders left to compile 78
[2019.02.04-13.56.54:363][277]LogShaderCompilers: Display: Shaders left to compile 68
[2019.02.04-13.56.59:615][552]LogSlate: FSceneViewport::OnFocusLost() reason 0
[2019.02.04-13.56.59:740][558]LogActorComponent: UnregisterComponent: (/Engine/Transient.SphereBrushComponent) Not registered. Aborting.
[2019.02.04-13.57.00:890][615]LogShaderCompilers: Display: Shaders left to compile 58
[2019.02.04-13.57.01:776][663]LogShaderCompilers: Display: Shaders left to compile 48
[2019.02.04-13.57.01:991][674]LogShaderCompilers: Display: Shaders left to compile 38
[2019.02.04-13.57.02:010][675]LogShaderCompilers: Display: Shaders left to compile 28
[2019.02.04-13.57.09:136][ 14]LogShaderCompilers: Display: Shaders left to compile 18
[2019.02.04-13.57.09:983][ 51]LogShaderCompilers: Display: Shaders left to compile 8
[2019.02.04-13.57.39:496][627]LogSlate: FSceneViewport::OnFocusLost() reason 0
[2019.02.04-13.57.55:526][466]LogSlate: Window 'Color Picker' being destroyed
[2019.02.04-13.57.55:584][466]LogSlate: Window 'Color Picker' being destroyed
[2019.02.04-13.57.55:799][467]LogSlate: Window 'Color Picker' being destroyed
[2019.02.04-13.58.08:093][141]LogSlate: Window 'Color Picker' being destroyed
[2019.02.04-13.58.10:053][258]LogEditorViewport: Clicking on Actor (LMB): FirstPersonCharacter_C (FirstPersonCharacter)
[2019.02.04-13.58.10:762][293]LogEditorViewport: Clicking on Actor (LMB): StaticMeshActor (Wall3)
[2019.02.04-13.58.12:981][421]LogSlate: Took 0.000344 seconds to synchronously load lazily loaded font '../../../Engine/Content/Slate/Fonts/Roboto-Light.ttf' (167K)
[2019.02.04-13.58.12:985][421]LogSlate: FSceneViewport::OnFocusLost() reason 2
[2019.02.04-13.58.13:189][421]LogSavePackage: Moving '../../../../../../Users/alexa/Documents/GitHub/GameJameuh3D/GameJameuh3d/Saved/FirstPersonExampleMap21CE39484A952EA4E9FDAEAA14D4AA32.tmp' to '../../../../../../Users/alexa/Documents/GitHub/GameJameuh3D/GameJameuh3d/Content/FirstPersonBP/Maps/FirstPersonExampleMap.umap'
[2019.02.04-13.58.15:674][421]LogSavePackage: Moving '../../../../../../Users/alexa/Documents/GitHub/GameJameuh3D/GameJameuh3d/Saved/FirstPersonExampleMap_BuiltDataE01CC0BA467B229DC950C09D252C5304.tmp' to '../../../../../../Users/alexa/Documents/GitHub/GameJameuh3D/GameJameuh3d/Content/FirstPersonBP/Maps/FirstPersonExampleMap_BuiltData.uasset'
